0 verbose cli C:\Users\DUC\scoop\apps\nodejs\current\node.exe C:\Users\DUC\scoop\apps\nodejs\current\node_modules\npm\bin\npm-cli.js
1 info using npm@8.12.1
2 info using node@v18.5.0
3 timing npm:load:whichnode Completed in 0ms
4 timing config:load:defaults Completed in 1ms
5 timing config:load:file:C:\Users\DUC\Documents\Code\Config\scoop\apps\nodejs\18.5.0\node_modules\npm\npmrc Completed in 3ms
6 timing config:load:builtin Completed in 4ms
7 warn config production Use `--omit=dev` instead.
8 timing config:load:cli Completed in 3ms
9 timing config:load:env Completed in 1ms
10 timing config:load:file:C:\Users\DUC\AppData\Local\Temp\coc-powershell-2aBd7r\.npmrc Completed in 0ms
11 timing config:load:project Completed in 3ms
12 timing config:load:file:C:\Users\DUC\.npmrc Completed in 0ms
13 timing config:load:user Completed in 0ms
14 timing config:load:file:C:\Users\DUC\scoop\persist\nodejs\bin\etc\npmrc Completed in 1ms
15 timing config:load:global Completed in 1ms
16 timing config:load:validate Completed in 0ms
17 timing config:load:credentials Completed in 0ms
18 timing config:load:setEnvs Completed in 0ms
19 timing config:load Completed in 14ms
20 timing npm:load:configload Completed in 14ms
21 timing npm:load:mkdirpcache Completed in 0ms
22 timing npm:load:mkdirplogs Completed in 1ms
23 verbose title npm install
24 verbose argv "install" "--ignore-scripts" "--no-lockfile" "--production" "--legacy-peer-deps" "--no-global"
25 timing npm:load:setTitle Completed in 1ms
26 timing config:load:flatten Completed in 3ms
27 timing npm:load:display Completed in 4ms
28 verbose logfile logs-max:10 dir:C:\Users\DUC\scoop\persist\nodejs\cache\_logs
29 verbose logfile C:\Users\DUC\scoop\persist\nodejs\cache\_logs\2022-07-19T06_03_02_393Z-debug-0.log
30 timing npm:load:logFile Completed in 6ms
31 timing npm:load:timers Completed in 0ms
32 timing npm:load:configScope Completed in 0ms
33 timing npm:load Completed in 28ms
34 timing arborist:ctor Completed in 0ms
35 silly logfile start cleaning logs, removing 2 files
36 silly logfile done cleaning log files
37 timing arborist:ctor Completed in 1ms
38 timing idealTree:init Completed in 14ms
39 timing idealTree:userRequests Completed in 0ms
40 silly idealTree buildDeps
41 silly fetch manifest coc-utils@0.0.13
42 http fetch GET 200 https://registry.npmjs.org/coc-utils 549ms (cache revalidated)
43 silly fetch manifest @types/follow-redirects@^1.8.0
44 http fetch GET 200 https://registry.npmjs.org/@types%2ffollow-redirects 127ms (cache revalidated)
45 silly fetch manifest @types/node@~10.17.19
46 http fetch GET 200 https://registry.npmjs.org/@types%2fnode 149ms (cache revalidated)
47 silly fetch manifest coc.nvim@~0.0.77
48 http fetch GET 200 https://registry.npmjs.org/coc.nvim 827ms (cache revalidated)
49 silly fetch manifest typescript@~4.0.2
50 http fetch GET 200 https://registry.npmjs.org/typescript 100ms (cache revalidated)
51 silly placeDep ROOT @types/follow-redirects@1.14.1 OK for: coc-powershell@0.1.4 want: ^1.8.0
52 silly placeDep ROOT @types/node@10.17.60 OK for: coc-powershell@0.1.4 want: ~10.17.19
53 silly placeDep ROOT coc-utils@0.0.13 OK for: coc-powershell@0.1.4 want: 0.0.13
54 silly placeDep ROOT coc.nvim@0.0.81 OK for: coc-powershell@0.1.4 want: ~0.0.77
55 silly placeDep ROOT typescript@4.0.8 OK for: coc-powershell@0.1.4 want: ~4.0.2
56 silly fetch manifest extract-zip@^1.6.7
57 silly fetch manifest follow-redirects@^1.7.0
58 silly fetch manifest rimraf@^2.6.3
59 silly fetch manifest tunnel@0.0.6
60 silly fetch manifest vscode-jsonrpc@>=4.0.0
61 silly fetch manifest vscode-languageserver-protocol@>=3.14.0
62 http fetch GET 200 https://registry.npmjs.org/rimraf 102ms (cache revalidated)
63 http fetch GET 200 https://registry.npmjs.org/vscode-languageserver-protocol 180ms (cache revalidated)
64 http fetch GET 200 https://registry.npmjs.org/vscode-jsonrpc 223ms (cache revalidated)
65 http fetch GET 200 https://registry.npmjs.org/tunnel 227ms (cache revalidated)
66 http fetch GET 200 https://registry.npmjs.org/follow-redirects 230ms (cache revalidated)
67 http fetch GET 200 https://registry.npmjs.org/extract-zip 245ms (cache revalidated)
68 timing idealTree:#root Completed in 2112ms
69 timing idealTree:node_modules/@types/follow-redirects Completed in 0ms
70 timing idealTree:node_modules/@types/node Completed in 0ms
71 silly placeDep ROOT extract-zip@1.7.0 OK for: coc-utils@0.0.13 want: ^1.6.7
72 silly placeDep ROOT follow-redirects@1.15.1 OK for: coc-utils@0.0.13 want: ^1.7.0
73 silly placeDep ROOT rimraf@2.7.1 OK for: coc-utils@0.0.13 want: ^2.6.3
74 silly placeDep ROOT tunnel@0.0.6 OK for: coc-utils@0.0.13 want: 0.0.6
75 silly placeDep ROOT vscode-jsonrpc@8.0.2 OK for: coc-utils@0.0.13 want: >=4.0.0
76 silly placeDep ROOT vscode-languageserver-protocol@3.17.2 OK for: coc-utils@0.0.13 want: >=3.14.0
77 silly fetch manifest concat-stream@^1.6.2
78 silly fetch manifest debug@^2.6.9
79 silly fetch manifest mkdirp@^0.5.4
80 silly fetch manifest yauzl@^2.10.0
81 silly fetch manifest glob@^7.1.3
82 silly fetch manifest vscode-languageserver-types@3.17.2
83 http fetch GET 200 https://registry.npmjs.org/debug 90ms (cache revalidated)
84 http fetch GET 200 https://registry.npmjs.org/vscode-languageserver-types 95ms (cache revalidated)
85 http fetch GET 200 https://registry.npmjs.org/glob 102ms (cache revalidated)
86 http fetch GET 200 https://registry.npmjs.org/yauzl 123ms (cache revalidated)
87 http fetch GET 200 https://registry.npmjs.org/concat-stream 126ms (cache revalidated)
88 http fetch GET 200 https://registry.npmjs.org/mkdirp 156ms (cache revalidated)
89 timing idealTree:node_modules/coc-utils Completed in 169ms
90 timing idealTree:node_modules/coc.nvim Completed in 0ms
91 silly placeDep ROOT concat-stream@1.6.2 OK for: extract-zip@1.7.0 want: ^1.6.2
92 silly placeDep ROOT debug@2.6.9 OK for: extract-zip@1.7.0 want: ^2.6.9
93 silly placeDep ROOT mkdirp@0.5.6 OK for: extract-zip@1.7.0 want: ^0.5.4
94 silly placeDep ROOT yauzl@2.10.0 OK for: extract-zip@1.7.0 want: ^2.10.0
95 silly fetch manifest buffer-from@^1.0.0
96 silly fetch manifest inherits@^2.0.3
97 silly fetch manifest readable-stream@^2.2.2
98 silly fetch manifest typedarray@^0.0.6
99 silly fetch manifest ms@2.0.0
100 silly fetch manifest minimist@^1.2.6
101 silly fetch manifest fd-slicer@~1.1.0
102 silly fetch manifest buffer-crc32@~0.2.3
103 http fetch GET 200 https://registry.npmjs.org/typedarray 111ms (cache revalidated)
104 http fetch GET 200 https://registry.npmjs.org/buffer-from 117ms (cache revalidated)
105 http fetch GET 200 https://registry.npmjs.org/ms 116ms (cache revalidated)
106 http fetch GET 200 https://registry.npmjs.org/inherits 124ms (cache revalidated)
107 http fetch GET 200 https://registry.npmjs.org/minimist 132ms (cache revalidated)
108 http fetch GET 200 https://registry.npmjs.org/readable-stream 157ms (cache revalidated)
109 http fetch GET 200 https://registry.npmjs.org/fd-slicer 250ms (cache revalidated)
110 http fetch GET 200 https://registry.npmjs.org/buffer-crc32 262ms (cache revalidated)
111 timing idealTree:node_modules/extract-zip Completed in 271ms
112 silly placeDep ROOT buffer-from@1.1.2 OK for: concat-stream@1.6.2 want: ^1.0.0
113 silly placeDep ROOT inherits@2.0.4 OK for: concat-stream@1.6.2 want: ^2.0.3
114 silly placeDep ROOT readable-stream@2.3.7 OK for: concat-stream@1.6.2 want: ^2.2.2
115 silly placeDep ROOT typedarray@0.0.6 OK for: concat-stream@1.6.2 want: ^0.0.6
116 silly fetch manifest core-util-is@~1.0.0
117 silly fetch manifest isarray@~1.0.0
118 silly fetch manifest process-nextick-args@~2.0.0
119 silly fetch manifest safe-buffer@~5.1.1
120 silly fetch manifest string_decoder@~1.1.1
121 silly fetch manifest util-deprecate@~1.0.1
122 http fetch GET 200 https://registry.npmjs.org/core-util-is 111ms (cache revalidated)
123 http fetch GET 200 https://registry.npmjs.org/safe-buffer 112ms (cache revalidated)
124 http fetch GET 200 https://registry.npmjs.org/util-deprecate 111ms (cache revalidated)
125 http fetch GET 200 https://registry.npmjs.org/string_decoder 117ms (cache revalidated)
126 http fetch GET 200 https://registry.npmjs.org/isarray 131ms (cache revalidated)
127 http fetch GET 200 https://registry.npmjs.org/process-nextick-args 139ms (cache revalidated)
128 timing idealTree:node_modules/concat-stream Completed in 144ms
129 timing idealTree:node_modules/buffer-from Completed in 0ms
130 silly placeDep ROOT ms@2.0.0 OK for: debug@2.6.9 want: 2.0.0
131 timing idealTree:node_modules/debug Completed in 1ms
132 timing idealTree:node_modules/follow-redirects Completed in 0ms
133 timing idealTree:node_modules/inherits Completed in 0ms
134 silly placeDep ROOT minimist@1.2.6 OK for: mkdirp@0.5.6 want: ^1.2.6
135 timing idealTree:node_modules/mkdirp Completed in 1ms
136 timing idealTree:node_modules/minimist Completed in 0ms
137 timing idealTree:node_modules/ms Completed in 0ms
138 silly placeDep ROOT core-util-is@1.0.3 OK for: readable-stream@2.3.7 want: ~1.0.0
139 silly placeDep ROOT isarray@1.0.0 OK for: readable-stream@2.3.7 want: ~1.0.0
140 silly placeDep ROOT process-nextick-args@2.0.1 OK for: readable-stream@2.3.7 want: ~2.0.0
141 silly placeDep ROOT safe-buffer@5.1.2 OK for: readable-stream@2.3.7 want: ~5.1.1
142 silly placeDep ROOT string_decoder@1.1.1 OK for: readable-stream@2.3.7 want: ~1.1.1
143 silly placeDep ROOT util-deprecate@1.0.2 OK for: readable-stream@2.3.7 want: ~1.0.1
144 timing idealTree:node_modules/readable-stream Completed in 3ms
145 timing idealTree:node_modules/core-util-is Completed in 0ms
146 timing idealTree:node_modules/isarray Completed in 0ms
147 timing idealTree:node_modules/process-nextick-args Completed in 0ms
148 silly placeDep ROOT glob@7.2.3 OK for: rimraf@2.7.1 want: ^7.1.3
149 silly fetch manifest fs.realpath@^1.0.0
150 silly fetch manifest inflight@^1.0.4
151 silly fetch manifest minimatch@^3.1.1
152 silly fetch manifest once@^1.3.0
153 silly fetch manifest path-is-absolute@^1.0.0
154 http fetch GET 200 https://registry.npmjs.org/minimatch 107ms (cache revalidated)
155 http fetch GET 200 https://registry.npmjs.org/once 115ms (cache revalidated)
156 http fetch GET 200 https://registry.npmjs.org/fs.realpath 121ms (cache revalidated)
157 http fetch GET 200 https://registry.npmjs.org/inflight 125ms (cache revalidated)
158 http fetch GET 200 https://registry.npmjs.org/path-is-absolute 123ms (cache revalidated)
159 timing idealTree:node_modules/rimraf Completed in 127ms
160 silly placeDep ROOT fs.realpath@1.0.0 OK for: glob@7.2.3 want: ^1.0.0
161 silly placeDep ROOT inflight@1.0.6 OK for: glob@7.2.3 want: ^1.0.4
162 silly placeDep ROOT minimatch@3.1.2 OK for: glob@7.2.3 want: ^3.1.1
163 silly placeDep ROOT once@1.4.0 OK for: glob@7.2.3 want: ^1.3.0
164 silly placeDep ROOT path-is-absolute@1.0.1 OK for: glob@7.2.3 want: ^1.0.0
165 silly fetch manifest wrappy@1
166 silly fetch manifest brace-expansion@^1.1.7
167 http fetch GET 200 https://registry.npmjs.org/wrappy 99ms (cache revalidated)
168 http fetch GET 200 https://registry.npmjs.org/brace-expansion 102ms (cache revalidated)
169 timing idealTree:node_modules/glob Completed in 109ms
170 timing idealTree:node_modules/fs.realpath Completed in 0ms
171 silly placeDep ROOT wrappy@1.0.2 OK for: inflight@1.0.6 want: 1
172 timing idealTree:node_modules/inflight Completed in 1ms
173 silly placeDep ROOT brace-expansion@1.1.11 OK for: minimatch@3.1.2 want: ^1.1.7
174 silly fetch manifest balanced-match@^1.0.0
175 silly fetch manifest concat-map@0.0.1
176 http fetch GET 200 https://registry.npmjs.org/concat-map 83ms (cache revalidated)
177 http fetch GET 200 https://registry.npmjs.org/balanced-match 120ms (cache revalidated)
178 timing idealTree:node_modules/minimatch Completed in 123ms
179 silly placeDep ROOT balanced-match@1.0.2 OK for: brace-expansion@1.1.11 want: ^1.0.0
180 silly placeDep ROOT concat-map@0.0.1 OK for: brace-expansion@1.1.11 want: 0.0.1
181 timing idealTree:node_modules/brace-expansion Completed in 2ms
182 timing idealTree:node_modules/balanced-match Completed in 0ms
183 timing idealTree:node_modules/concat-map Completed in 0ms
184 timing idealTree:node_modules/once Completed in 0ms
185 timing idealTree:node_modules/path-is-absolute Completed in 0ms
186 timing idealTree:node_modules/safe-buffer Completed in 0ms
187 timing idealTree:node_modules/string_decoder Completed in 0ms
188 timing idealTree:node_modules/tunnel Completed in 0ms
189 timing idealTree:node_modules/typedarray Completed in 0ms
190 timing idealTree:node_modules/typescript Completed in 0ms
191 timing idealTree:node_modules/util-deprecate Completed in 0ms
192 timing idealTree:node_modules/vscode-jsonrpc Completed in 0ms
193 silly placeDep ROOT vscode-languageserver-types@3.17.2 OK for: vscode-languageserver-protocol@3.17.2 want: 3.17.2
194 timing idealTree:node_modules/vscode-languageserver-protocol Completed in 1ms
195 timing idealTree:node_modules/vscode-languageserver-types Completed in 0ms
196 timing idealTree:node_modules/wrappy Completed in 0ms
197 silly placeDep ROOT buffer-crc32@0.2.13 OK for: yauzl@2.10.0 want: ~0.2.3
198 silly placeDep ROOT fd-slicer@1.1.0 OK for: yauzl@2.10.0 want: ~1.1.0
199 silly fetch manifest pend@~1.2.0
200 http fetch GET 200 https://registry.npmjs.org/pend 113ms (cache revalidated)
201 timing idealTree:node_modules/yauzl Completed in 116ms
202 timing idealTree:node_modules/buffer-crc32 Completed in 0ms
203 silly placeDep ROOT pend@1.2.0 OK for: fd-slicer@1.1.0 want: ~1.2.0
204 timing idealTree:node_modules/fd-slicer Completed in 1ms
205 timing idealTree:node_modules/pend Completed in 0ms
206 timing idealTree:buildDeps Completed in 3183ms
207 timing idealTree:fixDepFlags Completed in 1ms
208 timing idealTree Completed in 3198ms
209 timing reify:loadTrees Completed in 3200ms
210 timing reify:diffTrees Completed in 1ms
211 silly reify moves {}
212 timing reify:retireShallow Completed in 1ms
213 timing reify:createSparse Completed in 16ms
214 silly reify mark deleted [
214 silly reify   'C:\\Users\\DUC\\AppData\\Local\\Temp\\coc-powershell-2aBd7r\\node_modules\\@types\\follow-redirects'
214 silly reify ]
215 silly reify mark deleted [
215 silly reify   'C:\\Users\\DUC\\AppData\\Local\\Temp\\coc-powershell-2aBd7r\\node_modules\\@types\\node'
215 silly reify ]
216 silly reify mark deleted [
216 silly reify   'C:\\Users\\DUC\\AppData\\Local\\Temp\\coc-powershell-2aBd7r\\node_modules\\coc.nvim'
216 silly reify ]
217 silly reify mark deleted [
217 silly reify   'C:\\Users\\DUC\\AppData\\Local\\Temp\\coc-powershell-2aBd7r\\node_modules\\typescript',
217 silly reify   'C:\\Users\\DUC\\AppData\\Local\\Temp\\coc-powershell-2aBd7r\\node_modules\\.bin\\tsc',
217 silly reify   'C:\\Users\\DUC\\AppData\\Local\\Temp\\coc-powershell-2aBd7r\\node_modules\\.bin\\tsc.cmd',
217 silly reify   'C:\\Users\\DUC\\AppData\\Local\\Temp\\coc-powershell-2aBd7r\\node_modules\\.bin\\tsc.ps1',
217 silly reify   'C:\\Users\\DUC\\AppData\\Local\\Temp\\coc-powershell-2aBd7r\\node_modules\\.bin\\tsserver',
217 silly reify   'C:\\Users\\DUC\\AppData\\Local\\Temp\\coc-powershell-2aBd7r\\node_modules\\.bin\\tsserver.cmd',
217 silly reify   'C:\\Users\\DUC\\AppData\\Local\\Temp\\coc-powershell-2aBd7r\\node_modules\\.bin\\tsserver.ps1'
217 silly reify ]
218 timing reify:trashOmits Completed in 2ms
219 timing reify:loadBundles Completed in 0ms
220 silly audit bulk request {
220 silly audit   'coc-utils': [ '0.0.13' ],
220 silly audit   'extract-zip': [ '1.7.0' ],
220 silly audit   'follow-redirects': [ '1.15.1' ],
220 silly audit   rimraf: [ '2.7.1' ],
220 silly audit   tunnel: [ '0.0.6' ],
220 silly audit   'vscode-jsonrpc': [ '8.0.2' ],
220 silly audit   'vscode-languageserver-protocol': [ '3.17.2' ],
220 silly audit   'concat-stream': [ '1.6.2' ],
220 silly audit   debug: [ '2.6.9' ],
220 silly audit   mkdirp: [ '0.5.6' ],
220 silly audit   yauzl: [ '2.10.0' ],
220 silly audit   'buffer-from': [ '1.1.2' ],
220 silly audit   inherits: [ '2.0.4' ],
220 silly audit   'readable-stream': [ '2.3.7' ],
220 silly audit   typedarray: [ '0.0.6' ],
220 silly audit   ms: [ '2.0.0' ],
220 silly audit   minimist: [ '1.2.6' ],
220 silly audit   'core-util-is': [ '1.0.3' ],
220 silly audit   isarray: [ '1.0.0' ],
220 silly audit   'process-nextick-args': [ '2.0.1' ],
220 silly audit   'safe-buffer': [ '5.1.2' ],
220 silly audit   string_decoder: [ '1.1.1' ],
220 silly audit   'util-deprecate': [ '1.0.2' ],
220 silly audit   glob: [ '7.2.3' ],
220 silly audit   'fs.realpath': [ '1.0.0' ],
220 silly audit   inflight: [ '1.0.6' ],
220 silly audit   minimatch: [ '3.1.2' ],
220 silly audit   once: [ '1.4.0' ],
220 silly audit   'path-is-absolute': [ '1.0.1' ],
220 silly audit   wrappy: [ '1.0.2' ],
220 silly audit   'brace-expansion': [ '1.1.11' ],
220 silly audit   'balanced-match': [ '1.0.2' ],
220 silly audit   'concat-map': [ '0.0.1' ],
220 silly audit   'vscode-languageserver-types': [ '3.17.2' ],
220 silly audit   'buffer-crc32': [ '0.2.13' ],
220 silly audit   'fd-slicer': [ '1.1.0' ],
220 silly audit   pend: [ '1.2.0' ]
220 silly audit }
221 timing reifyNode:node_modules/wrappy Completed in 141ms
222 timing reifyNode:node_modules/buffer-crc32 Completed in 141ms
223 timing reifyNode:node_modules/once Completed in 140ms
224 timing reifyNode:node_modules/brace-expansion Completed in 141ms
225 timing reifyNode:node_modules/inflight Completed in 140ms
226 timing reifyNode:node_modules/path-is-absolute Completed in 141ms
227 timing reifyNode:node_modules/process-nextick-args Completed in 141ms
228 timing reifyNode:node_modules/buffer-from Completed in 141ms
229 timing reifyNode:node_modules/ms Completed in 142ms
230 timing reifyNode:node_modules/concat-stream Completed in 142ms
231 timing reifyNode:node_modules/core-util-is Completed in 144ms
232 timing reifyNode:node_modules/minimatch Completed in 146ms
233 timing reifyNode:node_modules/pend Completed in 150ms
234 timing reifyNode:node_modules/inherits Completed in 149ms
235 timing reifyNode:node_modules/yauzl Completed in 150ms
236 timing reifyNode:node_modules/balanced-match Completed in 151ms
237 timing reifyNode:node_modules/fs.realpath Completed in 151ms
238 timing reifyNode:node_modules/rimraf Completed in 152ms
239 timing reifyNode:node_modules/string_decoder Completed in 152ms
240 timing reifyNode:node_modules/safe-buffer Completed in 152ms
241 timing reifyNode:node_modules/util-deprecate Completed in 154ms
242 timing reifyNode:node_modules/mkdirp Completed in 155ms
243 timing reifyNode:node_modules/glob Completed in 157ms
244 timing reifyNode:node_modules/extract-zip Completed in 157ms
245 timing reifyNode:node_modules/concat-map Completed in 160ms
246 timing reifyNode:node_modules/follow-redirects Completed in 162ms
247 timing reifyNode:node_modules/isarray Completed in 164ms
248 timing reifyNode:node_modules/fd-slicer Completed in 167ms
249 timing reifyNode:node_modules/typedarray Completed in 167ms
250 timing reifyNode:node_modules/tunnel Completed in 175ms
251 timing reifyNode:node_modules/vscode-languageserver-types Completed in 184ms
252 timing reifyNode:node_modules/debug Completed in 185ms
253 timing reifyNode:node_modules/coc-utils Completed in 190ms
254 timing reifyNode:node_modules/minimist Completed in 190ms
255 timing reifyNode:node_modules/readable-stream Completed in 197ms
256 timing reifyNode:node_modules/vscode-jsonrpc Completed in 219ms
257 timing reifyNode:node_modules/vscode-languageserver-protocol Completed in 244ms
258 timing reify:unpack Completed in 246ms
259 timing reify:unretire Completed in 1ms
260 timing build:queue Completed in 2ms
261 timing build:link:node_modules/rimraf Completed in 22ms
262 timing build:link:node_modules/extract-zip Completed in 24ms
263 timing build:link:node_modules/mkdirp Completed in 24ms
264 timing build:link Completed in 25ms
265 timing build:deps Completed in 27ms
266 timing build Completed in 27ms
267 timing reify:build Completed in 28ms
268 timing reify:trash Completed in 3ms
269 timing reify:save Completed in 15ms
270 http fetch POST 200 https://registry.npmjs.org/-/npm/v1/security/advisories/bulk 306ms
271 timing auditReport:getReport Completed in 308ms
272 silly audit report {}
273 timing auditReport:init Completed in 0ms
274 timing reify:audit Completed in 310ms
275 timing reify Completed in 3535ms
276 silly ADD node_modules/pend
277 silly ADD node_modules/fd-slicer
278 silly ADD node_modules/buffer-crc32
279 silly ADD node_modules/vscode-languageserver-types
280 silly ADD node_modules/concat-map
281 silly ADD node_modules/balanced-match
282 silly ADD node_modules/brace-expansion
283 silly ADD node_modules/wrappy
284 silly ADD node_modules/path-is-absolute
285 silly ADD node_modules/once
286 silly ADD node_modules/minimatch
287 silly ADD node_modules/inflight
288 silly ADD node_modules/fs.realpath
289 silly ADD node_modules/glob
290 silly ADD node_modules/util-deprecate
291 silly ADD node_modules/string_decoder
292 silly ADD node_modules/safe-buffer
293 silly ADD node_modules/process-nextick-args
294 silly ADD node_modules/isarray
295 silly ADD node_modules/core-util-is
296 silly ADD node_modules/minimist
297 silly ADD node_modules/ms
298 silly ADD node_modules/typedarray
299 silly ADD node_modules/readable-stream
300 silly ADD node_modules/inherits
301 silly ADD node_modules/buffer-from
302 silly ADD node_modules/yauzl
303 silly ADD node_modules/mkdirp
304 silly ADD node_modules/debug
305 silly ADD node_modules/concat-stream
306 silly ADD node_modules/vscode-languageserver-protocol
307 silly ADD node_modules/vscode-jsonrpc
308 silly ADD node_modules/tunnel
309 silly ADD node_modules/rimraf
310 silly ADD node_modules/follow-redirects
311 silly ADD node_modules/extract-zip
312 silly ADD
313 silly ADD
314 silly ADD node_modules/coc-utils
315 silly ADD
316 silly ADD
317 timing command:install Completed in 3542ms
318 verbose exit 0
319 timing npm Completed in 3674ms
320 info ok
