0 verbose cli C:\Users\DUC\scoop\apps\nodejs\current\node.exe C:\Users\DUC\scoop\apps\nodejs\current\node_modules\npm\bin\npm-cli.js
1 info using npm@8.12.1
2 info using node@v18.5.0
3 timing npm:load:whichnode Completed in 1ms
4 timing config:load:defaults Completed in 4ms
5 timing config:load:file:C:\Users\DUC\Documents\Code\Config\scoop\apps\nodejs\18.5.0\node_modules\npm\npmrc Completed in 3ms
6 timing config:load:builtin Completed in 3ms
7 warn config production Use `--omit=dev` instead.
8 timing config:load:cli Completed in 2ms
9 timing config:load:env Completed in 0ms
10 timing config:load:file:C:\Users\DUC\AppData\Local\Temp\coc-powershell-rVTBqZ\.npmrc Completed in 0ms
11 timing config:load:project Completed in 4ms
12 timing config:load:file:C:\Users\DUC\.npmrc Completed in 0ms
13 timing config:load:user Completed in 0ms
14 timing config:load:file:C:\Users\DUC\scoop\persist\nodejs\bin\etc\npmrc Completed in 0ms
15 timing config:load:global Completed in 0ms
16 timing config:load:validate Completed in 0ms
17 timing config:load:credentials Completed in 1ms
18 timing config:load:setEnvs Completed in 1ms
19 timing config:load Completed in 15ms
20 timing npm:load:configload Completed in 15ms
21 timing npm:load:mkdirpcache Completed in 1ms
22 timing npm:load:mkdirplogs Completed in 0ms
23 verbose title npm install
24 verbose argv "install" "--ignore-scripts" "--no-lockfile" "--production" "--legacy-peer-deps" "--no-global"
25 timing npm:load:setTitle Completed in 1ms
26 timing config:load:flatten Completed in 2ms
27 timing npm:load:display Completed in 3ms
28 verbose logfile logs-max:10 dir:C:\Users\DUC\scoop\persist\nodejs\cache\_logs
29 verbose logfile C:\Users\DUC\scoop\persist\nodejs\cache\_logs\2022-07-15T06_54_14_735Z-debug-0.log
30 timing npm:load:logFile Completed in 5ms
31 timing npm:load:timers Completed in 0ms
32 timing npm:load:configScope Completed in 0ms
33 timing npm:load Completed in 26ms
34 timing arborist:ctor Completed in 1ms
35 silly logfile start cleaning logs, removing 2 files
36 silly logfile done cleaning log files
37 timing arborist:ctor Completed in 0ms
38 timing idealTree:init Completed in 13ms
39 timing idealTree:userRequests Completed in 0ms
40 silly idealTree buildDeps
41 silly fetch manifest coc-utils@0.0.13
42 http fetch GET 200 https://registry.npmjs.org/coc-utils 1467ms (cache miss)
43 silly fetch manifest @types/follow-redirects@^1.8.0
44 http fetch GET 200 https://registry.npmjs.org/@types%2ffollow-redirects 1140ms (cache miss)
45 silly fetch manifest @types/node@~10.17.19
46 http fetch GET 200 https://registry.npmjs.org/@types%2fnode 1466ms (cache miss)
47 silly fetch manifest coc.nvim@~0.0.77
48 http fetch GET 200 https://registry.npmjs.org/coc.nvim 1014ms (cache miss)
49 silly fetch manifest typescript@~4.0.2
50 http fetch GET 200 https://registry.npmjs.org/typescript 2591ms (cache miss)
51 silly placeDep ROOT @types/follow-redirects@1.14.1 OK for: coc-powershell@0.1.4 want: ^1.8.0
52 silly placeDep ROOT @types/node@10.17.60 OK for: coc-powershell@0.1.4 want: ~10.17.19
53 silly placeDep ROOT coc-utils@0.0.13 OK for: coc-powershell@0.1.4 want: 0.0.13
54 silly placeDep ROOT coc.nvim@0.0.81 OK for: coc-powershell@0.1.4 want: ~0.0.77
55 silly placeDep ROOT typescript@4.0.8 OK for: coc-powershell@0.1.4 want: ~4.0.2
56 silly fetch manifest extract-zip@^1.6.7
57 silly fetch manifest follow-redirects@^1.7.0
58 silly fetch manifest rimraf@^2.6.3
59 silly fetch manifest tunnel@0.0.6
60 silly fetch manifest vscode-jsonrpc@>=4.0.0
61 silly fetch manifest vscode-languageserver-protocol@>=3.14.0
62 http fetch GET 200 https://registry.npmjs.org/tunnel 339ms (cache miss)
63 http fetch GET 200 https://registry.npmjs.org/extract-zip 351ms (cache miss)
64 http fetch GET 200 https://registry.npmjs.org/rimraf 1005ms (cache miss)
65 http fetch GET 200 https://registry.npmjs.org/follow-redirects 1056ms (cache miss)
66 http fetch GET 200 https://registry.npmjs.org/vscode-jsonrpc 1544ms (cache miss)
67 http fetch GET 200 https://registry.npmjs.org/vscode-languageserver-protocol 1686ms (cache miss)
68 timing idealTree:#root Completed in 9483ms
69 timing idealTree:node_modules/@types/follow-redirects Completed in 0ms
70 timing idealTree:node_modules/@types/node Completed in 0ms
71 silly placeDep ROOT extract-zip@1.7.0 OK for: coc-utils@0.0.13 want: ^1.6.7
72 silly placeDep ROOT follow-redirects@1.15.1 OK for: coc-utils@0.0.13 want: ^1.7.0
73 silly placeDep ROOT rimraf@2.7.1 OK for: coc-utils@0.0.13 want: ^2.6.3
74 silly placeDep ROOT tunnel@0.0.6 OK for: coc-utils@0.0.13 want: 0.0.6
75 silly placeDep ROOT vscode-jsonrpc@8.0.2 OK for: coc-utils@0.0.13 want: >=4.0.0
76 silly placeDep ROOT vscode-languageserver-protocol@3.17.2 OK for: coc-utils@0.0.13 want: >=3.14.0
77 silly fetch manifest concat-stream@^1.6.2
78 silly fetch manifest debug@^2.6.9
79 silly fetch manifest mkdirp@^0.5.4
80 silly fetch manifest yauzl@^2.10.0
81 silly fetch manifest glob@^7.1.3
82 silly fetch manifest vscode-languageserver-types@3.17.2
83 http fetch GET 200 https://registry.npmjs.org/yauzl 323ms (cache miss)
84 http fetch GET 200 https://registry.npmjs.org/concat-stream 343ms (cache miss)
85 http fetch GET 200 https://registry.npmjs.org/mkdirp 401ms (cache miss)
86 http fetch GET 200 https://registry.npmjs.org/debug 420ms (cache miss)
87 http fetch GET 200 https://registry.npmjs.org/vscode-languageserver-types 932ms (cache miss)
88 http fetch GET 200 https://registry.npmjs.org/glob 1035ms (cache miss)
89 timing idealTree:node_modules/coc-utils Completed in 1050ms
90 timing idealTree:node_modules/coc.nvim Completed in 0ms
91 silly placeDep ROOT concat-stream@1.6.2 OK for: extract-zip@1.7.0 want: ^1.6.2
92 silly placeDep ROOT debug@2.6.9 OK for: extract-zip@1.7.0 want: ^2.6.9
93 silly placeDep ROOT mkdirp@0.5.6 OK for: extract-zip@1.7.0 want: ^0.5.4
94 silly placeDep ROOT yauzl@2.10.0 OK for: extract-zip@1.7.0 want: ^2.10.0
95 silly fetch manifest buffer-from@^1.0.0
96 silly fetch manifest inherits@^2.0.3
97 silly fetch manifest readable-stream@^2.2.2
98 silly fetch manifest typedarray@^0.0.6
99 silly fetch manifest ms@2.0.0
100 silly fetch manifest minimist@^1.2.6
101 silly fetch manifest fd-slicer@~1.1.0
102 silly fetch manifest buffer-crc32@~0.2.3
103 http fetch GET 200 https://registry.npmjs.org/buffer-from 340ms (cache miss)
104 http fetch GET 200 https://registry.npmjs.org/readable-stream 349ms (cache revalidated)
105 http fetch GET 200 https://registry.npmjs.org/typedarray 352ms (cache miss)
106 http fetch GET 200 https://registry.npmjs.org/minimist 390ms (cache miss)
107 http fetch GET 200 https://registry.npmjs.org/ms 501ms (cache updated)
108 http fetch GET 200 https://registry.npmjs.org/buffer-crc32 940ms (cache miss)
109 http fetch GET 200 https://registry.npmjs.org/fd-slicer 948ms (cache miss)
110 http fetch GET 200 https://registry.npmjs.org/inherits 1081ms (cache revalidated)
111 timing idealTree:node_modules/extract-zip Completed in 1088ms
112 silly placeDep ROOT buffer-from@1.1.2 OK for: concat-stream@1.6.2 want: ^1.0.0
113 silly placeDep ROOT inherits@2.0.4 OK for: concat-stream@1.6.2 want: ^2.0.3
114 silly placeDep ROOT readable-stream@2.3.7 OK for: concat-stream@1.6.2 want: ^2.2.2
115 silly placeDep ROOT typedarray@0.0.6 OK for: concat-stream@1.6.2 want: ^0.0.6
116 silly fetch manifest core-util-is@~1.0.0
117 silly fetch manifest isarray@~1.0.0
118 silly fetch manifest process-nextick-args@~2.0.0
119 silly fetch manifest safe-buffer@~5.1.1
120 silly fetch manifest string_decoder@~1.1.1
121 silly fetch manifest util-deprecate@~1.0.1
122 http fetch GET 200 https://registry.npmjs.org/core-util-is 261ms (cache miss)
123 http fetch GET 200 https://registry.npmjs.org/util-deprecate 277ms (cache revalidated)
124 http fetch GET 200 https://registry.npmjs.org/safe-buffer 279ms (cache revalidated)
125 http fetch GET 200 https://registry.npmjs.org/isarray 284ms (cache miss)
126 http fetch GET 200 https://registry.npmjs.org/string_decoder 289ms (cache revalidated)
127 http fetch GET 200 https://registry.npmjs.org/process-nextick-args 382ms (cache miss)
128 timing idealTree:node_modules/concat-stream Completed in 388ms
129 timing idealTree:node_modules/buffer-from Completed in 0ms
130 silly placeDep ROOT ms@2.0.0 OK for: debug@2.6.9 want: 2.0.0
131 timing idealTree:node_modules/debug Completed in 1ms
132 timing idealTree:node_modules/follow-redirects Completed in 0ms
133 timing idealTree:node_modules/inherits Completed in 0ms
134 silly placeDep ROOT minimist@1.2.6 OK for: mkdirp@0.5.6 want: ^1.2.6
135 timing idealTree:node_modules/mkdirp Completed in 1ms
136 timing idealTree:node_modules/minimist Completed in 0ms
137 timing idealTree:node_modules/ms Completed in 0ms
138 silly placeDep ROOT core-util-is@1.0.3 OK for: readable-stream@2.3.7 want: ~1.0.0
139 silly placeDep ROOT isarray@1.0.0 OK for: readable-stream@2.3.7 want: ~1.0.0
140 silly placeDep ROOT process-nextick-args@2.0.1 OK for: readable-stream@2.3.7 want: ~2.0.0
141 silly placeDep ROOT safe-buffer@5.1.2 OK for: readable-stream@2.3.7 want: ~5.1.1
142 silly placeDep ROOT string_decoder@1.1.1 OK for: readable-stream@2.3.7 want: ~1.1.1
143 silly placeDep ROOT util-deprecate@1.0.2 OK for: readable-stream@2.3.7 want: ~1.0.1
144 timing idealTree:node_modules/readable-stream Completed in 4ms
145 timing idealTree:node_modules/core-util-is Completed in 0ms
146 timing idealTree:node_modules/isarray Completed in 0ms
147 timing idealTree:node_modules/process-nextick-args Completed in 0ms
148 silly placeDep ROOT glob@7.2.3 OK for: rimraf@2.7.1 want: ^7.1.3
149 silly fetch manifest fs.realpath@^1.0.0
150 silly fetch manifest inflight@^1.0.4
151 silly fetch manifest minimatch@^3.1.1
152 silly fetch manifest once@^1.3.0
153 silly fetch manifest path-is-absolute@^1.0.0
154 http fetch GET 200 https://registry.npmjs.org/fs.realpath 270ms (cache miss)
155 http fetch GET 200 https://registry.npmjs.org/once 288ms (cache miss)
156 http fetch GET 200 https://registry.npmjs.org/path-is-absolute 302ms (cache miss)
157 http fetch GET 200 https://registry.npmjs.org/minimatch 304ms (cache miss)
158 http fetch GET 200 https://registry.npmjs.org/inflight 383ms (cache miss)
159 timing idealTree:node_modules/rimraf Completed in 385ms
160 silly placeDep ROOT fs.realpath@1.0.0 OK for: glob@7.2.3 want: ^1.0.0
161 silly placeDep ROOT inflight@1.0.6 OK for: glob@7.2.3 want: ^1.0.4
162 silly placeDep ROOT minimatch@3.1.2 OK for: glob@7.2.3 want: ^3.1.1
163 silly placeDep ROOT once@1.4.0 OK for: glob@7.2.3 want: ^1.3.0
164 silly placeDep ROOT path-is-absolute@1.0.1 OK for: glob@7.2.3 want: ^1.0.0
165 silly fetch manifest wrappy@1
166 silly fetch manifest brace-expansion@^1.1.7
167 http fetch GET 200 https://registry.npmjs.org/brace-expansion 273ms (cache miss)
168 http fetch GET 200 https://registry.npmjs.org/wrappy 282ms (cache miss)
169 timing idealTree:node_modules/glob Completed in 289ms
170 timing idealTree:node_modules/fs.realpath Completed in 0ms
171 silly placeDep ROOT wrappy@1.0.2 OK for: inflight@1.0.6 want: 1
172 timing idealTree:node_modules/inflight Completed in 1ms
173 silly placeDep ROOT brace-expansion@1.1.11 OK for: minimatch@3.1.2 want: ^1.1.7
174 silly fetch manifest balanced-match@^1.0.0
175 silly fetch manifest concat-map@0.0.1
176 http fetch GET 200 https://registry.npmjs.org/concat-map 264ms (cache miss)
177 http fetch GET 200 https://registry.npmjs.org/balanced-match 282ms (cache miss)
178 timing idealTree:node_modules/minimatch Completed in 284ms
179 silly placeDep ROOT balanced-match@1.0.2 OK for: brace-expansion@1.1.11 want: ^1.0.0
180 silly placeDep ROOT concat-map@0.0.1 OK for: brace-expansion@1.1.11 want: 0.0.1
181 timing idealTree:node_modules/brace-expansion Completed in 2ms
182 timing idealTree:node_modules/balanced-match Completed in 0ms
183 timing idealTree:node_modules/concat-map Completed in 0ms
184 timing idealTree:node_modules/once Completed in 0ms
185 timing idealTree:node_modules/path-is-absolute Completed in 0ms
186 timing idealTree:node_modules/safe-buffer Completed in 0ms
187 timing idealTree:node_modules/string_decoder Completed in 0ms
188 timing idealTree:node_modules/tunnel Completed in 0ms
189 timing idealTree:node_modules/typedarray Completed in 0ms
190 timing idealTree:node_modules/typescript Completed in 0ms
191 timing idealTree:node_modules/util-deprecate Completed in 0ms
192 timing idealTree:node_modules/vscode-jsonrpc Completed in 0ms
193 silly placeDep ROOT vscode-languageserver-types@3.17.2 OK for: vscode-languageserver-protocol@3.17.2 want: 3.17.2
194 timing idealTree:node_modules/vscode-languageserver-protocol Completed in 0ms
195 timing idealTree:node_modules/vscode-languageserver-types Completed in 0ms
196 timing idealTree:node_modules/wrappy Completed in 0ms
197 silly placeDep ROOT buffer-crc32@0.2.13 OK for: yauzl@2.10.0 want: ~0.2.3
198 silly placeDep ROOT fd-slicer@1.1.0 OK for: yauzl@2.10.0 want: ~1.1.0
199 silly fetch manifest pend@~1.2.0
200 http fetch GET 200 https://registry.npmjs.org/pend 303ms (cache miss)
201 timing idealTree:node_modules/yauzl Completed in 305ms
202 timing idealTree:node_modules/buffer-crc32 Completed in 0ms
203 silly placeDep ROOT pend@1.2.0 OK for: fd-slicer@1.1.0 want: ~1.2.0
204 timing idealTree:node_modules/fd-slicer Completed in 1ms
205 timing idealTree:node_modules/pend Completed in 0ms
206 timing idealTree:buildDeps Completed in 13287ms
207 timing idealTree:fixDepFlags Completed in 1ms
208 timing idealTree Completed in 13302ms
209 timing reify:loadTrees Completed in 13303ms
210 timing reify:diffTrees Completed in 3ms
211 silly reify moves {}
212 timing reify:retireShallow Completed in 1ms
213 timing reify:createSparse Completed in 14ms
214 silly reify mark deleted [
214 silly reify   'C:\\Users\\DUC\\AppData\\Local\\Temp\\coc-powershell-rVTBqZ\\node_modules\\@types\\follow-redirects'
214 silly reify ]
215 silly reify mark deleted [
215 silly reify   'C:\\Users\\DUC\\AppData\\Local\\Temp\\coc-powershell-rVTBqZ\\node_modules\\@types\\node'
215 silly reify ]
216 silly reify mark deleted [
216 silly reify   'C:\\Users\\DUC\\AppData\\Local\\Temp\\coc-powershell-rVTBqZ\\node_modules\\coc.nvim'
216 silly reify ]
217 silly reify mark deleted [
217 silly reify   'C:\\Users\\DUC\\AppData\\Local\\Temp\\coc-powershell-rVTBqZ\\node_modules\\typescript',
217 silly reify   'C:\\Users\\DUC\\AppData\\Local\\Temp\\coc-powershell-rVTBqZ\\node_modules\\.bin\\tsc',
217 silly reify   'C:\\Users\\DUC\\AppData\\Local\\Temp\\coc-powershell-rVTBqZ\\node_modules\\.bin\\tsc.cmd',
217 silly reify   'C:\\Users\\DUC\\AppData\\Local\\Temp\\coc-powershell-rVTBqZ\\node_modules\\.bin\\tsc.ps1',
217 silly reify   'C:\\Users\\DUC\\AppData\\Local\\Temp\\coc-powershell-rVTBqZ\\node_modules\\.bin\\tsserver',
217 silly reify   'C:\\Users\\DUC\\AppData\\Local\\Temp\\coc-powershell-rVTBqZ\\node_modules\\.bin\\tsserver.cmd',
217 silly reify   'C:\\Users\\DUC\\AppData\\Local\\Temp\\coc-powershell-rVTBqZ\\node_modules\\.bin\\tsserver.ps1'
217 silly reify ]
218 timing reify:trashOmits Completed in 2ms
219 timing reify:loadBundles Completed in 0ms
220 silly audit bulk request {
220 silly audit   'coc-utils': [ '0.0.13' ],
220 silly audit   'extract-zip': [ '1.7.0' ],
220 silly audit   'follow-redirects': [ '1.15.1' ],
220 silly audit   rimraf: [ '2.7.1' ],
220 silly audit   tunnel: [ '0.0.6' ],
220 silly audit   'vscode-jsonrpc': [ '8.0.2' ],
220 silly audit   'vscode-languageserver-protocol': [ '3.17.2' ],
220 silly audit   'concat-stream': [ '1.6.2' ],
220 silly audit   debug: [ '2.6.9' ],
220 silly audit   mkdirp: [ '0.5.6' ],
220 silly audit   yauzl: [ '2.10.0' ],
220 silly audit   'buffer-from': [ '1.1.2' ],
220 silly audit   inherits: [ '2.0.4' ],
220 silly audit   'readable-stream': [ '2.3.7' ],
220 silly audit   typedarray: [ '0.0.6' ],
220 silly audit   ms: [ '2.0.0' ],
220 silly audit   minimist: [ '1.2.6' ],
220 silly audit   'core-util-is': [ '1.0.3' ],
220 silly audit   isarray: [ '1.0.0' ],
220 silly audit   'process-nextick-args': [ '2.0.1' ],
220 silly audit   'safe-buffer': [ '5.1.2' ],
220 silly audit   string_decoder: [ '1.1.1' ],
220 silly audit   'util-deprecate': [ '1.0.2' ],
220 silly audit   glob: [ '7.2.3' ],
220 silly audit   'fs.realpath': [ '1.0.0' ],
220 silly audit   inflight: [ '1.0.6' ],
220 silly audit   minimatch: [ '3.1.2' ],
220 silly audit   once: [ '1.4.0' ],
220 silly audit   'path-is-absolute': [ '1.0.1' ],
220 silly audit   wrappy: [ '1.0.2' ],
220 silly audit   'brace-expansion': [ '1.1.11' ],
220 silly audit   'balanced-match': [ '1.0.2' ],
220 silly audit   'concat-map': [ '0.0.1' ],
220 silly audit   'vscode-languageserver-types': [ '3.17.2' ],
220 silly audit   'buffer-crc32': [ '0.2.13' ],
220 silly audit   'fd-slicer': [ '1.1.0' ],
220 silly audit   pend: [ '1.2.0' ]
220 silly audit }
221 silly tarball no local data for pend@https://registry.npmjs.org/pend/-/pend-1.2.0.tgz. Extracting by manifest.
222 silly tarball no local data for fd-slicer@https://registry.npmjs.org/fd-slicer/-/fd-slicer-1.1.0.tgz. Extracting by manifest.
223 silly tarball no local data for buffer-crc32@https://registry.npmjs.org/buffer-crc32/-/buffer-crc32-0.2.13.tgz. Extracting by manifest.
224 silly tarball no local data for vscode-languageserver-types@https://registry.npmjs.org/vscode-languageserver-types/-/vscode-languageserver-types-3.17.2.tgz. Extracting by manifest.
225 silly tarball no local data for balanced-match@https://registry.npmjs.org/balanced-match/-/balanced-match-1.0.2.tgz. Extracting by manifest.
226 silly tarball no local data for concat-map@https://registry.npmjs.org/concat-map/-/concat-map-0.0.1.tgz. Extracting by manifest.
227 silly tarball no local data for brace-expansion@https://registry.npmjs.org/brace-expansion/-/brace-expansion-1.1.11.tgz. Extracting by manifest.
228 silly tarball no local data for path-is-absolute@https://registry.npmjs.org/path-is-absolute/-/path-is-absolute-1.0.1.tgz. Extracting by manifest.
229 silly tarball no local data for wrappy@https://registry.npmjs.org/wrappy/-/wrappy-1.0.2.tgz. Extracting by manifest.
230 silly tarball no local data for once@https://registry.npmjs.org/once/-/once-1.4.0.tgz. Extracting by manifest.
231 silly tarball no local data for inflight@https://registry.npmjs.org/inflight/-/inflight-1.0.6.tgz. Extracting by manifest.
232 silly tarball no local data for minimatch@https://registry.npmjs.org/minimatch/-/minimatch-3.1.2.tgz. Extracting by manifest.
233 silly tarball no local data for glob@https://registry.npmjs.org/glob/-/glob-7.2.3.tgz. Extracting by manifest.
234 silly tarball no local data for fs.realpath@https://registry.npmjs.org/fs.realpath/-/fs.realpath-1.0.0.tgz. Extracting by manifest.
235 silly tarball no local data for string_decoder@https://registry.npmjs.org/string_decoder/-/string_decoder-1.1.1.tgz. Extracting by manifest.
236 silly tarball no local data for safe-buffer@https://registry.npmjs.org/safe-buffer/-/safe-buffer-5.1.2.tgz. Extracting by manifest.
237 silly tarball no local data for process-nextick-args@https://registry.npmjs.org/process-nextick-args/-/process-nextick-args-2.0.1.tgz. Extracting by manifest.
238 silly tarball no local data for isarray@https://registry.npmjs.org/isarray/-/isarray-1.0.0.tgz. Extracting by manifest.
239 silly tarball no local data for core-util-is@https://registry.npmjs.org/core-util-is/-/core-util-is-1.0.3.tgz. Extracting by manifest.
240 silly tarball no local data for ms@https://registry.npmjs.org/ms/-/ms-2.0.0.tgz. Extracting by manifest.
241 silly tarball no local data for readable-stream@https://registry.npmjs.org/readable-stream/-/readable-stream-2.3.7.tgz. Extracting by manifest.
242 silly tarball no local data for minimist@https://registry.npmjs.org/minimist/-/minimist-1.2.6.tgz. Extracting by manifest.
243 silly tarball no local data for typedarray@https://registry.npmjs.org/typedarray/-/typedarray-0.0.6.tgz. Extracting by manifest.
244 silly tarball no local data for buffer-from@https://registry.npmjs.org/buffer-from/-/buffer-from-1.1.2.tgz. Extracting by manifest.
245 silly tarball no local data for mkdirp@https://registry.npmjs.org/mkdirp/-/mkdirp-0.5.6.tgz. Extracting by manifest.
246 silly tarball no local data for yauzl@https://registry.npmjs.org/yauzl/-/yauzl-2.10.0.tgz. Extracting by manifest.
247 silly tarball no local data for debug@https://registry.npmjs.org/debug/-/debug-2.6.9.tgz. Extracting by manifest.
248 silly tarball no local data for concat-stream@https://registry.npmjs.org/concat-stream/-/concat-stream-1.6.2.tgz. Extracting by manifest.
249 silly tarball no local data for follow-redirects@https://registry.npmjs.org/follow-redirects/-/follow-redirects-1.15.1.tgz. Extracting by manifest.
250 silly tarball no local data for vscode-languageserver-protocol@https://registry.npmjs.org/vscode-languageserver-protocol/-/vscode-languageserver-protocol-3.17.2.tgz. Extracting by manifest.
251 silly tarball no local data for vscode-jsonrpc@https://registry.npmjs.org/vscode-jsonrpc/-/vscode-jsonrpc-8.0.2.tgz. Extracting by manifest.
252 silly tarball no local data for tunnel@https://registry.npmjs.org/tunnel/-/tunnel-0.0.6.tgz. Extracting by manifest.
253 silly tarball no local data for rimraf@https://registry.npmjs.org/rimraf/-/rimraf-2.7.1.tgz. Extracting by manifest.
254 silly tarball no local data for extract-zip@https://registry.npmjs.org/extract-zip/-/extract-zip-1.7.0.tgz. Extracting by manifest.
255 silly tarball no local data for coc-utils@https://registry.npmjs.org/coc-utils/-/coc-utils-0.0.13.tgz. Extracting by manifest.
256 timing reifyNode:node_modules/inherits Completed in 106ms
257 timing reifyNode:node_modules/util-deprecate Completed in 107ms
258 http fetch GET 200 https://registry.npmjs.org/fd-slicer/-/fd-slicer-1.1.0.tgz 116ms (cache miss)
259 timing reifyNode:node_modules/fd-slicer Completed in 138ms
260 http fetch GET 200 https://registry.npmjs.org/pend/-/pend-1.2.0.tgz 131ms (cache miss)
261 timing reifyNode:node_modules/pend Completed in 151ms
262 http fetch GET 200 https://registry.npmjs.org/buffer-crc32/-/buffer-crc32-0.2.13.tgz 129ms (cache miss)
263 timing reifyNode:node_modules/buffer-crc32 Completed in 152ms
264 http fetch GET 200 https://registry.npmjs.org/concat-map/-/concat-map-0.0.1.tgz 150ms (cache miss)
265 timing reifyNode:node_modules/concat-map Completed in 174ms
266 http fetch GET 200 https://registry.npmjs.org/inflight/-/inflight-1.0.6.tgz 150ms (cache miss)
267 timing reifyNode:node_modules/inflight Completed in 180ms
268 http fetch GET 200 https://registry.npmjs.org/once/-/once-1.4.0.tgz 152ms (cache miss)
269 timing reifyNode:node_modules/once Completed in 181ms
270 http fetch GET 200 https://registry.npmjs.org/balanced-match/-/balanced-match-1.0.2.tgz 159ms (cache miss)
271 timing reifyNode:node_modules/balanced-match Completed in 182ms
272 http fetch GET 200 https://registry.npmjs.org/process-nextick-args/-/process-nextick-args-2.0.1.tgz 177ms (cache miss)
273 timing reifyNode:node_modules/process-nextick-args Completed in 214ms
274 http fetch GET 200 https://registry.npmjs.org/wrappy/-/wrappy-1.0.2.tgz 190ms (cache miss)
275 timing reifyNode:node_modules/wrappy Completed in 218ms
276 http fetch GET 200 https://registry.npmjs.org/brace-expansion/-/brace-expansion-1.1.11.tgz 193ms (cache miss)
277 timing reifyNode:node_modules/brace-expansion Completed in 219ms
278 http fetch GET 200 https://registry.npmjs.org/string_decoder/-/string_decoder-1.1.1.tgz 210ms (cache miss)
279 timing reifyNode:node_modules/string_decoder Completed in 244ms
280 http fetch GET 200 https://registry.npmjs.org/core-util-is/-/core-util-is-1.0.3.tgz 207ms (cache miss)
281 timing reifyNode:node_modules/core-util-is Completed in 245ms
282 http fetch GET 200 https://registry.npmjs.org/glob/-/glob-7.2.3.tgz 227ms (cache miss)
283 timing reifyNode:node_modules/glob Completed in 259ms
284 http fetch GET 200 https://registry.npmjs.org/safe-buffer/-/safe-buffer-5.1.2.tgz 234ms (cache miss)
285 timing reifyNode:node_modules/safe-buffer Completed in 269ms
286 http fetch GET 200 https://registry.npmjs.org/minimatch/-/minimatch-3.1.2.tgz 246ms (cache miss)
287 timing reifyNode:node_modules/minimatch Completed in 277ms
288 http fetch GET 200 https://registry.npmjs.org/fs.realpath/-/fs.realpath-1.0.0.tgz 245ms (cache miss)
289 timing reifyNode:node_modules/fs.realpath Completed in 278ms
290 http fetch GET 200 https://registry.npmjs.org/isarray/-/isarray-1.0.0.tgz 328ms (cache miss)
291 http fetch POST 200 https://registry.npmjs.org/-/npm/v1/security/advisories/bulk 369ms
292 timing auditReport:getReport Completed in 372ms
293 silly audit report {}
294 timing auditReport:init Completed in 0ms
295 timing reify:audit Completed in 372ms
296 http fetch GET 200 https://registry.npmjs.org/minimist/-/minimist-1.2.6.tgz 330ms (cache miss)
297 http fetch GET 200 https://registry.npmjs.org/buffer-from/-/buffer-from-1.1.2.tgz 339ms (cache miss)
298 timing reifyNode:node_modules/buffer-from Completed in 387ms
299 http fetch GET 200 https://registry.npmjs.org/ms/-/ms-2.0.0.tgz 343ms (cache miss)
300 timing reifyNode:node_modules/ms Completed in 389ms
301 http fetch GET 200 https://registry.npmjs.org/mkdirp/-/mkdirp-0.5.6.tgz 355ms (cache miss)
302 http fetch GET 200 https://registry.npmjs.org/path-is-absolute/-/path-is-absolute-1.0.1.tgz 378ms (cache miss)
303 timing reifyNode:node_modules/path-is-absolute Completed in 405ms
304 http fetch GET 200 https://registry.npmjs.org/yauzl/-/yauzl-2.10.0.tgz 356ms (cache miss)
305 timing reifyNode:node_modules/yauzl Completed in 406ms
306 timing reifyNode:node_modules/mkdirp Completed in 411ms
307 http fetch GET 200 https://registry.npmjs.org/concat-stream/-/concat-stream-1.6.2.tgz 363ms (cache miss)
308 timing reifyNode:node_modules/concat-stream Completed in 415ms
309 timing reifyNode:node_modules/isarray Completed in 430ms
310 http fetch GET 200 https://registry.npmjs.org/typedarray/-/typedarray-0.0.6.tgz 389ms (cache miss)
311 http fetch GET 200 https://registry.npmjs.org/tunnel/-/tunnel-0.0.6.tgz 387ms (cache miss)
312 timing reifyNode:node_modules/typedarray Completed in 444ms
313 http fetch GET 200 https://registry.npmjs.org/extract-zip/-/extract-zip-1.7.0.tgz 418ms (cache miss)
314 http fetch GET 200 https://registry.npmjs.org/follow-redirects/-/follow-redirects-1.15.1.tgz 423ms (cache miss)
315 timing reifyNode:node_modules/follow-redirects Completed in 475ms
316 http fetch GET 200 https://registry.npmjs.org/rimraf/-/rimraf-2.7.1.tgz 420ms (cache miss)
317 timing reifyNode:node_modules/rimraf Completed in 476ms
318 timing reifyNode:node_modules/extract-zip Completed in 476ms
319 timing reifyNode:node_modules/tunnel Completed in 488ms
320 http fetch GET 200 https://registry.npmjs.org/debug/-/debug-2.6.9.tgz 449ms (cache miss)
321 timing reifyNode:node_modules/debug Completed in 500ms
322 http fetch GET 200 https://registry.npmjs.org/vscode-languageserver-types/-/vscode-languageserver-types-3.17.2.tgz 486ms (cache miss)
323 timing reifyNode:node_modules/vscode-languageserver-types Completed in 508ms
324 timing reifyNode:node_modules/minimist Completed in 509ms
325 http fetch GET 200 https://registry.npmjs.org/readable-stream/-/readable-stream-2.3.7.tgz 475ms (cache miss)
326 timing reifyNode:node_modules/readable-stream Completed in 521ms
327 http fetch GET 200 https://registry.npmjs.org/vscode-jsonrpc/-/vscode-jsonrpc-8.0.2.tgz 643ms (cache miss)
328 timing reifyNode:node_modules/vscode-jsonrpc Completed in 698ms
329 http fetch GET 200 https://registry.npmjs.org/coc-utils/-/coc-utils-0.0.13.tgz 644ms (cache miss)
330 timing reifyNode:node_modules/coc-utils Completed in 702ms
331 http fetch GET 200 https://registry.npmjs.org/vscode-languageserver-protocol/-/vscode-languageserver-protocol-3.17.2.tgz 658ms (cache miss)
332 timing reifyNode:node_modules/vscode-languageserver-protocol Completed in 712ms
333 timing reify:unpack Completed in 713ms
334 timing reify:unretire Completed in 1ms
335 timing build:queue Completed in 4ms
336 timing build:link:node_modules/extract-zip Completed in 30ms
337 timing build:link:node_modules/rimraf Completed in 29ms
338 timing build:link:node_modules/mkdirp Completed in 29ms
339 timing build:link Completed in 31ms
340 timing build:deps Completed in 36ms
341 timing build Completed in 36ms
342 timing reify:build Completed in 36ms
343 timing reify:trash Completed in 2ms
344 timing reify:save Completed in 11ms
345 timing reify Completed in 14103ms
346 silly ADD node_modules/pend
347 silly ADD node_modules/fd-slicer
348 silly ADD node_modules/buffer-crc32
349 silly ADD node_modules/vscode-languageserver-types
350 silly ADD node_modules/concat-map
351 silly ADD node_modules/balanced-match
352 silly ADD node_modules/brace-expansion
353 silly ADD node_modules/wrappy
354 silly ADD node_modules/path-is-absolute
355 silly ADD node_modules/once
356 silly ADD node_modules/minimatch
357 silly ADD node_modules/inflight
358 silly ADD node_modules/fs.realpath
359 silly ADD node_modules/glob
360 silly ADD node_modules/util-deprecate
361 silly ADD node_modules/string_decoder
362 silly ADD node_modules/safe-buffer
363 silly ADD node_modules/process-nextick-args
364 silly ADD node_modules/isarray
365 silly ADD node_modules/core-util-is
366 silly ADD node_modules/minimist
367 silly ADD node_modules/ms
368 silly ADD node_modules/typedarray
369 silly ADD node_modules/readable-stream
370 silly ADD node_modules/inherits
371 silly ADD node_modules/buffer-from
372 silly ADD node_modules/yauzl
373 silly ADD node_modules/mkdirp
374 silly ADD node_modules/debug
375 silly ADD node_modules/concat-stream
376 silly ADD node_modules/vscode-languageserver-protocol
377 silly ADD node_modules/vscode-jsonrpc
378 silly ADD node_modules/tunnel
379 silly ADD node_modules/rimraf
380 silly ADD node_modules/follow-redirects
381 silly ADD node_modules/extract-zip
382 silly ADD
383 silly ADD
384 silly ADD node_modules/coc-utils
385 silly ADD
386 silly ADD
387 timing command:install Completed in 14108ms
388 verbose exit 0
389 timing npm Completed in 14997ms
390 info ok
